{
  "RSpec": {
    "coverage": {
      "/home/ubuntu/workspace/Gardening/group7/garden-planner/config/environment.rb": [
        null,
        1,
        null,
        null,
        1
      ],
      "/home/ubuntu/workspace/Gardening/group7/garden-planner/config/application.rb": [
        1,
        null,
        1,
        null,
        null,
        null,
        1,
        null,
        1,
        1,
        1,
        null,
        null,
        null,
        null,
        null,
        null,
        null,
        null,
        null,
        null,
        null,
        null,
        null,
        1,
        null,
        null
      ],
      "/home/ubuntu/workspace/Gardening/group7/garden-planner/config/boot.rb": [
        1,
        null,
        1
      ],
      "/home/ubuntu/workspace/Gardening/group7/garden-planner/config/environments/test.rb": [
        1,
        null,
        null,
        null,
        null,
        null,
        null,
        1,
        null,
        null,
        null,
        null,
        1,
        null,
        null,
        1,
        1,
        null,
        null,
        1,
        1,
        null,
        null,
        1,
        null,
        null,
        1,
        null,
        null,
        null,
        null,
        1,
        null,
        null,
        1,
        null,
        null,
        1,
        null,
        null,
        null,
        null
      ],
      "/home/ubuntu/workspace/Gardening/group7/garden-planner/config/initializers/assets.rb": [
        null,
        null,
        null,
        1,
        null,
        null,
        null,
        null,
        null,
        null,
        null
      ],
      "/home/ubuntu/workspace/Gardening/group7/garden-planner/config/initializers/backtrace_silencers.rb": [
        null,
        null,
        null,
        null,
        null,
        null,
        null
      ],
      "/home/ubuntu/workspace/Gardening/group7/garden-planner/config/initializers/cookies_serializer.rb": [
        null,
        null,
        1
      ],
      "/home/ubuntu/workspace/Gardening/group7/garden-planner/config/initializers/filter_parameter_logging.rb": [
        null,
        null,
        null,
        1
      ],
      "/home/ubuntu/workspace/Gardening/group7/garden-planner/config/initializers/inflections.rb": [
        null,
        null,
        null,
        null,
        null,
        null,
        null,
        null,
        null,
        null,
        null,
        null,
        null,
        null,
        null,
        null
      ],
      "/home/ubuntu/workspace/Gardening/group7/garden-planner/config/initializers/mime_types.rb": [
        null,
        null,
        null,
        null
      ],
      "/home/ubuntu/workspace/Gardening/group7/garden-planner/config/initializers/session_store.rb": [
        null,
        null,
        1
      ],
      "/home/ubuntu/workspace/Gardening/group7/garden-planner/config/initializers/wrap_parameters.rb": [
        null,
        null,
        null,
        null,
        null,
        null,
        1,
        1,
        null,
        null,
        null,
        null,
        null,
        null
      ],
      "/home/ubuntu/workspace/Gardening/group7/garden-planner/config/routes.rb": [
        1,
        null,
        null,
        null,
        null,
        null,
        1,
        null,
        1,
        null,
        1,
        1,
        null,
        1,
        1,
        1,
        null,
        null,
        null,
        null,
        null,
        null,
        null,
        null,
        null,
        null,
        1,
        1,
        null,
        null,
        null,
        null,
        null,
        null,
        null,
        null,
        null,
        null,
        null,
        null,
        null,
        null,
        null,
        null,
        null,
        null,
        null,
        null,
        null,
        null,
        null,
        null,
        null,
        null,
        null,
        null,
        null,
        null,
        null,
        null,
        null,
        null,
        null,
        null,
        null,
        null,
        null,
        null,
        null
      ],
      "/home/ubuntu/workspace/Gardening/group7/garden-planner/spec/spec_helper.rb": [
        1,
        1,
        null,
        null,
        null,
        null,
        null,
        null,
        null,
        null,
        null,
        null,
        null,
        null,
        null,
        null,
        null,
        null,
        null,
        null,
        null,
        1,
        null,
        null,
        null,
        1,
        null,
        null,
        null,
        null,
        null,
        null,
        null,
        1,
        null,
        null,
        null,
        null,
        1,
        null,
        null,
        null,
        1,
        null,
        null,
        null,
        null,
        null,
        null,
        null,
        null,
        null,
        null,
        null,
        null,
        null,
        null,
        null,
        null,
        null,
        null,
        null,
        null,
        null,
        null,
        null,
        null,
        null,
        null,
        null,
        null,
        null,
        null,
        null,
        null,
        null,
        null,
        null,
        null,
        null,
        null,
        null,
        null,
        null,
        null,
        null,
        null,
        null,
        null,
        null,
        null,
        null,
        null,
        null,
        null
      ],
      "/home/ubuntu/workspace/Gardening/group7/garden-planner/app/helpers/application_helper.rb": [
        1,
        null
      ],
      "/home/ubuntu/workspace/Gardening/group7/garden-planner/app/helpers/calendars_helper.rb": [
        1,
        1,
        0,
        null,
        null
      ],
      "/home/ubuntu/workspace/Gardening/group7/garden-planner/app/helpers/pages_helper.rb": [
        1,
        null
      ],
      "/home/ubuntu/workspace/Gardening/group7/garden-planner/app/helpers/plants_helper.rb": [
        1,
        null,
        1,
        0,
        null,
        null
      ],
      "/home/ubuntu/workspace/Gardening/group7/garden-planner/app/helpers/user_session_helper.rb": [
        1,
        null
      ],
      "/home/ubuntu/workspace/Gardening/group7/garden-planner/app/helpers/users_helper.rb": [
        1,
        null
      ],
      "/home/ubuntu/workspace/Gardening/group7/garden-planner/app/controllers/pages_controller.rb": [
        1,
        1,
        null,
        null
      ],
      "/home/ubuntu/workspace/Gardening/group7/garden-planner/app/controllers/application_controller.rb": [
        1,
        null,
        null,
        1,
        null,
        1,
        null,
        1,
        0,
        0,
        null,
        null,
        1,
        0,
        0,
        null,
        null,
        1,
        null
      ],
      "/home/ubuntu/workspace/Gardening/group7/garden-planner/spec/controllers/user_session_controller_spec.rb": [
        1,
        null,
        1,
        null,
        null
      ],
      "/home/ubuntu/workspace/Gardening/group7/garden-planner/app/controllers/user_session_controller.rb": [
        1,
        1,
        0,
        null,
        null,
        1,
        0,
        0,
        0,
        0,
        null,
        0,
        null,
        null,
        null,
        1,
        0,
        0,
        0,
        null,
        null,
        1,
        null,
        1,
        0,
        null,
        null
      ],
      "/home/ubuntu/workspace/Gardening/group7/garden-planner/spec/controllers/users_controller_spec.rb": [
        1,
        null,
        1,
        null,
        null
      ],
      "/home/ubuntu/workspace/Gardening/group7/garden-planner/app/controllers/users_controller.rb": [
        1,
        1,
        0,
        null,
        null,
        1,
        0,
        0,
        0,
        0,
        null,
        0,
        null,
        null,
        null,
        1,
        null,
        1,
        0,
        null,
        null
      ],
      "/home/ubuntu/workspace/Gardening/group7/garden-planner/spec/helpers/pages_helper_spec.rb": [
        1,
        null,
        null,
        null,
        null,
        null,
        null,
        null,
        null,
        null,
        null,
        null,
        1,
        1,
        null
      ],
      "/home/ubuntu/workspace/Gardening/group7/garden-planner/spec/helpers/user_session_helper_spec.rb": [
        1,
        null,
        null,
        null,
        null,
        null,
        null,
        null,
        null,
        null,
        null,
        null,
        1,
        1,
        null
      ],
      "/home/ubuntu/workspace/Gardening/group7/garden-planner/spec/helpers/users_helper_spec.rb": [
        1,
        null,
        null,
        null,
        null,
        null,
        null,
        null,
        null,
        null,
        null,
        null,
        1,
        1,
        null
      ],
      "/home/ubuntu/workspace/Gardening/group7/garden-planner/spec/models/user_spec.rb": [
        1,
        null,
        1,
        1,
        null
      ],
      "/home/ubuntu/workspace/Gardening/group7/garden-planner/app/models/user.rb": [
        1,
        1,
        1,
        null,
        null
      ]
    },
    "timestamp": 1511297935
  },
  "Cucumber Features": {
    "coverage": {
      "/home/ubuntu/project/group7/garden-planner/features/step_definitions/add_garden_steps.rb": [
        1,
        0,
        null,
        null,
        1,
        0,
        null,
        null,
        1,
        0,
        null,
        null,
        1,
        0,
        null,
        null,
        null,
        1,
        0,
        null,
        null,
        1,
        0,
        null,
        null,
        1,
        0,
        null,
        null,
        1,
        0,
        null,
        null,
        1,
        0,
        null
      ],
      "/home/ubuntu/project/group7/garden-planner/features/step_definitions/calendar_page_steps.rb": [
        1,
        1,
        null,
        null,
        null,
        1,
        1,
        null,
        null,
        null,
        1,
        1,
        null,
        null,
        null,
        1,
        1,
        null,
        null,
        null,
        1,
        0,
        null,
        null,
        null,
        null,
        null,
        1,
        1,
        null,
        null,
        null,
        1,
        0,
        null,
        null,
        null,
        1,
        2,
        null,
        null,
        null,
        1,
        1,
        null,
        null,
        null,
        1,
        1,
        null,
        null,
        null,
        1,
        1,
        null,
        null,
        null,
        1,
        1,
        1,
        1,
        null,
        null,
        null,
        1,
        1,
        null,
        null,
        null,
        1,
        1,
        1,
        1,
        null,
        null
      ],
      "/home/ubuntu/project/group7/garden-planner/features/step_definitions/navigation_bar_steps.rb": [
        1,
        0,
        null,
        null,
        1,
        0,
        null,
        null,
        1,
        0,
        null,
        null,
        1,
        0,
        null,
        null,
        1,
        0,
        null,
        null,
        1,
        0,
        null,
        null,
        1,
        0,
        null,
        1,
        0,
        null,
        null,
        1,
        null,
        0,
        null,
        null,
        null,
        1,
        null,
        0,
        null,
        null,
        null,
        1,
        null,
        0,
        null,
        null,
        null,
        1,
        0,
        null,
        null,
        1,
        0,
        null,
        null,
        1,
        0,
        null,
        null,
        1,
        null,
        0,
        null,
        null,
        null,
        1,
        0,
        null,
        null,
        1,
        null,
        0,
        null,
        null,
        null,
        1,
        0,
        null,
        null,
        1,
        null,
        0,
        null,
        null,
        null,
        1,
        0,
        null
      ],
      "/home/ubuntu/project/group7/garden-planner/db/seeds.rb": [
        null,
        null,
        null,
        null,
        null,
        null,
        null,
        1,
        null,
        null,
        1,
        null,
        null,
        null,
        null,
        null,
        null,
        null,
        null,
        null,
        null,
        null,
        null,
        null,
        null,
        null,
        null,
        null,
        null,
        null,
        null,
        1,
        2,
        null,
        null,
        1,
        20,
        null
      ],
      "/home/ubuntu/project/group7/garden-planner/app/models/garden.rb": [
        1,
        1,
        null
      ],
      "/home/ubuntu/project/group7/garden-planner/app/models/plant.rb": [
        null,
        1,
        null
      ],
      "/home/ubuntu/project/group7/garden-planner/app/controllers/plants_controller.rb": [
        1,
        null,
        1,
        0,
        0,
        null,
        null,
        1,
        0,
        0,
        null,
        null,
        null,
        1,
        3,
        3,
        3,
        3,
        0,
        null,
        3,
        null,
        3,
        3,
        3,
        3,
        0,
        0,
        0,
        0,
        0,
        null,
        null,
        null,
        0,
        0,
        0,
        0,
        0,
        0,
        null,
        0,
        0,
        null,
        0,
        0,
        null,
        null,
        3,
        0,
        0,
        0,
        0,
        null,
        3,
        0,
        0,
        null,
        0,
        0,
        null,
        3,
        null,
        null,
        3,
        0,
        0,
        null,
        0,
        null,
        0,
        null,
        null,
        3,
        null,
        null,
        3,
        3,
        null,
        null,
        null,
        null,
        1,
        null,
        null,
        null,
        1,
        0,
        0,
        0,
        null,
        null,
        1,
        0,
        null,
        null,
        1,
        0,
        0,
        0,
        0,
        null,
        null,
        1,
        0,
        0,
        0,
        0,
        null,
        null,
        null
      ],
      "/home/ubuntu/project/group7/garden-planner/app/controllers/application_controller.rb": [
        1,
        null,
        null,
        1,
        null,
        1,
        null,
        1,
        9,
        9,
        null,
        null,
        1,
        9,
        9,
        null,
        null,
        1,
        null
      ],
      "/home/ubuntu/project/group7/garden-planner/app/helpers/application_helper.rb": [
        1,
        null
      ],
      "/home/ubuntu/project/group7/garden-planner/app/helpers/calendars_helper.rb": [
        1,
        1,
        6,
        null,
        null
      ],
      "/home/ubuntu/project/group7/garden-planner/app/helpers/pages_helper.rb": [
        1,
        null
      ],
      "/home/ubuntu/project/group7/garden-planner/app/helpers/plants_helper.rb": [
        1,
        null,
        1,
        0,
        null,
        null
      ],
      "/home/ubuntu/project/group7/garden-planner/app/helpers/user_session_helper.rb": [
        1,
        null
      ],
      "/home/ubuntu/project/group7/garden-planner/app/helpers/users_helper.rb": [
        1,
        null
      ],
      "/home/ubuntu/project/group7/garden-planner/app/models/user_session.rb": [
        1,
        null
      ],
      "/home/ubuntu/project/group7/garden-planner/app/models/user.rb": [
        1,
        1,
        1,
        null,
        null
      ],
      "/home/ubuntu/project/group7/garden-planner/app/controllers/calendars_controller.rb": [
        null,
        1,
        1,
        6,
        null,
        null
      ],
      "/home/ubuntu/project/group7/garden-planner/lib/calendars.rb": [
        1,
        1,
        1,
        null,
        1,
        null,
        1,
        6,
        6,
        null,
        null,
        null,
        1,
        6,
        48,
        null,
        null,
        null,
        1,
        null,
        31,
        248,
        null,
        6,
        null,
        null,
        1,
        217,
        null,
        null,
        1,
        217,
        217,
        217,
        217,
        null,
        null,
        1,
        6,
        6,
        6,
        null,
        null
      ]
    },
    "timestamp": 1511903215
  }
}
